<?xml version="1.0" encoding="UTF-8"?>
<!-- Generated by org.testng.reporters.JUnitReportReporter -->
<testsuite hostname="MIGHTYSURYA11" failures="0" tests="3" name="Questions.faltu" time="1.006" errors="0" timestamp="2024-07-07T00:49:00 IST" skipped="0">
  <testcase classname="Questions.faltu" name="test3" time="0.391"/>
  <system-out/>
  <testcase classname="Questions.faltu" name="main" time="0.252"/>
  <system-out/>
  <testcase classname="Questions.faltu" name="test2" time="0.363"/>
  <system-out/>
</testsuite> <!-- Questions.faltu -->
