<?xml version="1.0" encoding="UTF-8"?>
<!-- Generated by org.testng.reporters.JUnitReportReporter -->
<testsuite hostname="MIGHTYSURYA11" failures="0" tests="3" name="Questions.MouseHower" time="0.949" errors="0" timestamp="2024-07-07T00:50:15 IST" skipped="0">
  <testcase classname="Questions.MouseHower" name="test2" time="0.277"/>
  <system-out/>
  <testcase classname="Questions.MouseHower" name="test3" time="0.216"/>
  <system-out/>
  <testcase classname="Questions.MouseHower" name="main" time="0.456"/>
  <system-out/>
</testsuite> <!-- Questions.MouseHower -->
