<?xml version="1.0" encoding="UTF-8"?>
<!-- Generated by org.testng.reporters.JUnitReportReporter -->
<testsuite hostname="MIGHTYSURYA11" failures="0" tests="1" name="Fb_signupPage.fb_signup" time="1.980" errors="0" timestamp="2024-07-04T16:18:49 IST" skipped="0">
  <testcase classname="Fb_signupPage.fb_signup" name="enteringDetails" time="1.980"/>
  <system-out/>
</testsuite> <!-- Fb_signupPage.fb_signup -->
